<?xml version="1.0" encoding="UTF-8"?>
<!-- Generated by org.testng.reporters.JUnitXMLReporter -->
<testsuite ignored="0" hostname="PhamDangHuy" failures="2" tests="10" name="Test" time="0.057" errors="0" timestamp="18 Jul 2022 15:10:14 GMT">
  <testcase classname="demo.Test_01_CreateTestNG" name="testLogin" time="0.009">
    <failure type="java.lang.AssertionError" message="expected [true] but found [false]">
      <![CDATA[java.lang.AssertionError: expected [true] but found [false]
at demo.Test_01_CreateTestNG.testLogin(Test_01_CreateTestNG.java:13)
... Removed 29 stack frames]]>
    </failure>
  </testcase> <!-- testLogin -->
  <testcase classname="demo.Test_01_CreateTestNG" name="testLogout" time="0.001"/>
  <testcase classname="demo.Test_01_CreateTestNG" name="testuserDisplay" time="0.001"/>
  <testcase classname="demo.TestCase_02_CreateWithPlugin" name="testcase02" time="0.001">
    <failure type="java.lang.AssertionError" message="expected [true] but found [false]">
      <![CDATA[java.lang.AssertionError: expected [true] but found [false]
at demo.TestCase_02_CreateWithPlugin.testcase02(TestCase_02_CreateWithPlugin.java:18)
... Removed 29 stack frames]]>
    </failure>
  </testcase> <!-- testcase02 -->
  <testcase classname="demo.TestCase_02_CreateWithPlugin" name="testcase02_1" time="0.0">
    <skipped/>
  </testcase> <!-- testcase02_1 -->
  <testcase classname="demo.TestCase_02_CreateWithPlugin" name="testcase02_2" time="0.0">
    <skipped/>
  </testcase> <!-- testcase02_2 -->
  <testcase classname="demo.TestCase_02_CreateWithPlugin" name="testcase02_3" time="0.0">
    <skipped/>
  </testcase> <!-- testcase02_3 -->
  <testcase classname="demo.TestCase_03_CreateVIew" name="test03" time="0.001"/>
  <testcase classname="demo.TestCase_03_CreateVIew" name="test03" time="0.001"/>
  <testcase classname="demo.TestCase_03_CreateVIew" name="test03" time="0.001"/>
</testsuite> <!-- Test -->
