<?xml version="1.0" encoding="UTF-8"?>
<testng-results ignored="0" total="3" passed="3" failed="0" skipped="0">
  <reporter-output>
  </reporter-output>
  <suite started-at="2022-07-31T14:20:18Z" name="Suite" finished-at="2022-07-31T14:20:47Z" duration-ms="28227">
    <groups>
    </groups>
    <test started-at="2022-07-31T14:20:18Z" name="Test" finished-at="2022-07-31T14:20:47Z" duration-ms="28227">
      <class name="HomeWork.Ex2">
        <test-method is-config="true" signature="beforeClass()[pri:0, instance:HomeWork.Ex2@5e5d171f]" started-at="2022-07-31T14:20:28Z" name="beforeClass" finished-at="2022-07-31T14:20:33Z" duration-ms="4936" status="PASS">
          <reporter-output>
          </reporter-output>
        </test-method> <!-- beforeClass -->
        <test-method signature="doubleClick()[pri:0, instance:HomeWork.Ex2@5e5d171f]" started-at="2022-07-31T14:20:33Z" name="doubleClick" finished-at="2022-07-31T14:20:35Z" duration-ms="2198" status="PASS">
          <reporter-output>
          </reporter-output>
        </test-method> <!-- doubleClick -->
        <test-method is-config="true" signature="afterClass()[pri:0, instance:HomeWork.Ex2@5e5d171f]" started-at="2022-07-31T14:20:35Z" name="afterClass" finished-at="2022-07-31T14:20:36Z" duration-ms="695" status="PASS">
          <reporter-output>
          </reporter-output>
        </test-method> <!-- afterClass -->
      </class> <!-- HomeWork.Ex2 -->
      <class name="HomeWork.Ex1">
        <test-method is-config="true" signature="beforeClass()[pri:0, instance:HomeWork.Ex1@24313fcc]" started-at="2022-07-31T14:20:36Z" name="beforeClass" finished-at="2022-07-31T14:20:46Z" duration-ms="10174" status="PASS">
          <reporter-output>
          </reporter-output>
        </test-method> <!-- beforeClass -->
        <test-method signature="dragAndDrop()[pri:0, instance:HomeWork.Ex1@24313fcc]" started-at="2022-07-31T14:20:46Z" name="dragAndDrop" finished-at="2022-07-31T14:20:46Z" duration-ms="336" status="PASS">
          <reporter-output>
          </reporter-output>
        </test-method> <!-- dragAndDrop -->
        <test-method is-config="true" signature="afterClass()[pri:0, instance:HomeWork.Ex1@24313fcc]" started-at="2022-07-31T14:20:46Z" name="afterClass" finished-at="2022-07-31T14:20:47Z" duration-ms="667" status="PASS">
          <reporter-output>
          </reporter-output>
        </test-method> <!-- afterClass -->
      </class> <!-- HomeWork.Ex1 -->
      <class name="HomeWork.Ex3">
        <test-method is-config="true" signature="beforeClass()[pri:0, instance:HomeWork.Ex3@7770f470]" started-at="2022-07-31T14:20:18Z" name="beforeClass" finished-at="2022-07-31T14:20:25Z" duration-ms="6222" status="PASS">
          <reporter-output>
          </reporter-output>
        </test-method> <!-- beforeClass -->
        <test-method signature="rightClick()[pri:0, instance:HomeWork.Ex3@7770f470]" started-at="2022-07-31T14:20:25Z" name="rightClick" finished-at="2022-07-31T14:20:27Z" duration-ms="2277" status="PASS">
          <reporter-output>
          </reporter-output>
        </test-method> <!-- rightClick -->
        <test-method is-config="true" signature="afterClass()[pri:0, instance:HomeWork.Ex3@7770f470]" started-at="2022-07-31T14:20:27Z" name="afterClass" finished-at="2022-07-31T14:20:28Z" duration-ms="701" status="PASS">
          <reporter-output>
          </reporter-output>
        </test-method> <!-- afterClass -->
      </class> <!-- HomeWork.Ex3 -->
    </test> <!-- Test -->
  </suite> <!-- Suite -->
</testng-results>
