<?xml version="1.0" encoding="UTF-8"?>
<!-- Generated by org.testng.reporters.JUnitXMLReporter -->
<testsuite ignored="0" hostname="PhamDangHuy" failures="0" tests="3" name="Default test" time="0.051" errors="0" timestamp="18 Jul 2022 15:08:06 GMT">
  <testcase classname="demo.TestCase_03_CreateVIew" name="test03" time="0.009"/>
  <testcase classname="demo.TestCase_03_CreateVIew" name="test03" time="0.001"/>
  <testcase classname="demo.TestCase_03_CreateVIew" name="test03" time="0.001"/>
</testsuite> <!-- Default test -->
