<?xml version="1.0" encoding="UTF-8"?>
<testng-results ignored="0" total="1" passed="1" failed="0" skipped="0">
  <reporter-output>
  </reporter-output>
  <suite started-at="2022-07-14T14:49:28Z" name="Default suite" finished-at="2022-07-14T14:49:37Z" duration-ms="8829">
    <groups>
    </groups>
    <test started-at="2022-07-14T14:49:28Z" name="Default test" finished-at="2022-07-14T14:49:37Z" duration-ms="8829">
      <class name="com.r2s.testLogin">
        <test-method is-config="true" signature="beforeClass()[pri:0, instance:com.r2s.testLogin@7d20d0b]" started-at="2022-07-14T14:49:28Z" name="beforeClass" finished-at="2022-07-14T14:49:36Z" duration-ms="7912" status="PASS">
          <reporter-output>
          </reporter-output>
        </test-method> <!-- beforeClass -->
        <test-method signature="TC_01_ValidateCurrentUrl()[pri:0, instance:com.r2s.testLogin@7d20d0b]" started-at="2022-07-14T14:49:36Z" name="TC_01_ValidateCurrentUrl" finished-at="2022-07-14T14:49:36Z" duration-ms="88" status="PASS">
          <reporter-output>
          </reporter-output>
        </test-method> <!-- TC_01_ValidateCurrentUrl -->
        <test-method is-config="true" signature="afterClass()[pri:0, instance:com.r2s.testLogin@7d20d0b]" started-at="2022-07-14T14:49:36Z" name="afterClass" finished-at="2022-07-14T14:49:37Z" duration-ms="813" status="PASS">
          <reporter-output>
          </reporter-output>
        </test-method> <!-- afterClass -->
      </class> <!-- com.r2s.testLogin -->
    </test> <!-- Default test -->
  </suite> <!-- Default suite -->
</testng-results>
